  Source.cpp
D:\egyetem\20220201_Computer_graphics\08_Bezier_curve\Source.cpp(155,24): warning C4267: 'initializing': conversion from 'size_t' to 'GLint', possible loss of data
D:\egyetem\20220201_Computer_graphics\08_Bezier_curve\Source.cpp(209,31): warning C4244: 'return': conversion from 'double' to 'GLfloat', possible loss of data
D:\egyetem\20220201_Computer_graphics\08_Bezier_curve\Source.cpp(227,47): warning C4267: 'argument': conversion from 'size_t' to 'GLint', possible loss of data
D:\egyetem\20220201_Computer_graphics\08_Bezier_curve\Source.cpp(240,17): warning C4244: 'initializing': conversion from 'double' to 'GLfloat', possible loss of data
D:\egyetem\20220201_Computer_graphics\08_Bezier_curve\Source.cpp(241,17): warning C4244: 'initializing': conversion from 'double' to 'GLfloat', possible loss of data
D:\egyetem\20220201_Computer_graphics\08_Bezier_curve\Source.cpp(260,68): warning C4244: 'argument': conversion from 'double' to 'GLfloat', possible loss of data
D:\egyetem\20220201_Computer_graphics\08_Bezier_curve\Source.cpp(260,51): warning C4244: 'argument': conversion from 'double' to 'GLfloat', possible loss of data
D:\egyetem\20220201_Computer_graphics\08_Bezier_curve\Source.cpp(335,51): warning C4267: 'argument': conversion from 'size_t' to 'GLsizei', possible loss of data
D:\egyetem\20220201_Computer_graphics\08_Bezier_curve\Source.cpp(338,55): warning C4267: 'argument': conversion from 'size_t' to 'GLsizei', possible loss of data
D:\egyetem\20220201_Computer_graphics\08_Bezier_curve\Source.cpp(341,97): warning C4267: 'argument': conversion from 'size_t' to 'GLsizei', possible loss of data
D:\egyetem\20220201_Computer_graphics\08_Bezier_curve\Source.cpp(341,97): warning C4267: 'argument': conversion from 'size_t' to 'GLint', possible loss of data
glfw3.lib(init.obj) : warning LNK4099: PDB 'glfw.pdb' was not found with 'glfw3.lib(init.obj)' or at 'D:\egyetem\20220201_Computer_graphics\x64\Debug\glfw.pdb'; linking object as if no debug info
glfw3.lib(window.obj) : warning LNK4099: PDB 'glfw.pdb' was not found with 'glfw3.lib(window.obj)' or at 'D:\egyetem\20220201_Computer_graphics\x64\Debug\glfw.pdb'; linking object as if no debug info
glfw3.lib(input.obj) : warning LNK4099: PDB 'glfw.pdb' was not found with 'glfw3.lib(input.obj)' or at 'D:\egyetem\20220201_Computer_graphics\x64\Debug\glfw.pdb'; linking object as if no debug info
glfw3.lib(context.obj) : warning LNK4099: PDB 'glfw.pdb' was not found with 'glfw3.lib(context.obj)' or at 'D:\egyetem\20220201_Computer_graphics\x64\Debug\glfw.pdb'; linking object as if no debug info
glfw3.lib(win32_init.obj) : warning LNK4099: PDB 'glfw.pdb' was not found with 'glfw3.lib(win32_init.obj)' or at 'D:\egyetem\20220201_Computer_graphics\x64\Debug\glfw.pdb'; linking object as if no debug info
glfw3.lib(win32_monitor.obj) : warning LNK4099: PDB 'glfw.pdb' was not found with 'glfw3.lib(win32_monitor.obj)' or at 'D:\egyetem\20220201_Computer_graphics\x64\Debug\glfw.pdb'; linking object as if no debug info
glfw3.lib(win32_time.obj) : warning LNK4099: PDB 'glfw.pdb' was not found with 'glfw3.lib(win32_time.obj)' or at 'D:\egyetem\20220201_Computer_graphics\x64\Debug\glfw.pdb'; linking object as if no debug info
glfw3.lib(win32_thread.obj) : warning LNK4099: PDB 'glfw.pdb' was not found with 'glfw3.lib(win32_thread.obj)' or at 'D:\egyetem\20220201_Computer_graphics\x64\Debug\glfw.pdb'; linking object as if no debug info
glfw3.lib(monitor.obj) : warning LNK4099: PDB 'glfw.pdb' was not found with 'glfw3.lib(monitor.obj)' or at 'D:\egyetem\20220201_Computer_graphics\x64\Debug\glfw.pdb'; linking object as if no debug info
glfw3.lib(vulkan.obj) : warning LNK4099: PDB 'glfw.pdb' was not found with 'glfw3.lib(vulkan.obj)' or at 'D:\egyetem\20220201_Computer_graphics\x64\Debug\glfw.pdb'; linking object as if no debug info
glfw3.lib(win32_window.obj) : warning LNK4099: PDB 'glfw.pdb' was not found with 'glfw3.lib(win32_window.obj)' or at 'D:\egyetem\20220201_Computer_graphics\x64\Debug\glfw.pdb'; linking object as if no debug info
glfw3.lib(win32_joystick.obj) : warning LNK4099: PDB 'glfw.pdb' was not found with 'glfw3.lib(win32_joystick.obj)' or at 'D:\egyetem\20220201_Computer_graphics\x64\Debug\glfw.pdb'; linking object as if no debug info
glfw3.lib(wgl_context.obj) : warning LNK4099: PDB 'glfw.pdb' was not found with 'glfw3.lib(wgl_context.obj)' or at 'D:\egyetem\20220201_Computer_graphics\x64\Debug\glfw.pdb'; linking object as if no debug info
glfw3.lib(egl_context.obj) : warning LNK4099: PDB 'glfw.pdb' was not found with 'glfw3.lib(egl_context.obj)' or at 'D:\egyetem\20220201_Computer_graphics\x64\Debug\glfw.pdb'; linking object as if no debug info
glfw3.lib(osmesa_context.obj) : warning LNK4099: PDB 'glfw.pdb' was not found with 'glfw3.lib(osmesa_context.obj)' or at 'D:\egyetem\20220201_Computer_graphics\x64\Debug\glfw.pdb'; linking object as if no debug info
  08_Bezier_curve.vcxproj -> D:\egyetem\20220201_Computer_graphics\x64\Debug\08_Bezier_curve.exe
